WinFS	3
Windows XP editions	3
Wizard101	3
Yu-Gi-Oh! The Sacred Cards	3
Yu-Gi-Oh! Trading Card Game	3
Bridge Base Inc.	4
Clinical psychology	4
Earthquake engineering	4
Gangstar 2: Kings of L.A.	4
ITIL security management	4
Network motif	4
Simple Knowledge Organization System	4
The Lord of the Rings: War in the North	4
Tripod head	4
WebDAV	4
Wikipedia:Reference desk archive/Science/April 2006	4
Wikipedia:Reference desk archive/Science/March 2006	4
Wikipedia:Requested articles/Applied arts and sciences/Computer science, computing, and Internet	4
Wikipedia:Village pump (proposals)/Archive 65	4
XSLT	4
