White lion	3
Wikipedia:Administrators' noticeboard/Archive169	3
Wikipedia:Administrators' noticeboard/IncidentArchive399	3
Wikipedia:Administrators' noticeboard/IncidentArchive620	3
Wikipedia:Administrators' noticeboard/IncidentArchive656	3
Wikipedia:Arbitration/Requests/Case/Civility enforcement/Workshop	3
Wikipedia:Arbitration/Requests/Case/Climate change/Workshop	3
Wikipedia:Articles for deletion/Race and intelligence	3
Wikipedia:Categories for discussion/Log/2007 April 13	3
Wikipedia:Categories for discussion/User/Archive/February 2008	3
Wikipedia:Reference desk/Archives/Science/2009 April 27	3
Wikipedia:Reliable sources/Noticeboard/Archive 101	3
Wikipedia:Sockpuppet investigations/Nuklear/Archive	3
Wikipedia:Templates for deletion/Log/2007 September 8	3
Wikipedia:Village pump (policy)/Archive 43	3
Windows 8	3
Health effects of tobacco	4
Signals intelligence operational platforms by nation	4
Wikipedia:Reference desk archive/Science/October 2005	4
Wikipedia:Academic studies of Wikipedia	7
